<?xml version="1.0" encoding="UTF-8"?>
<!-- Generated by org.testng.reporters.JUnitReportReporter -->
<testsuite skipped="0" hostname="DESKTOP-DF9ER86" name="com.testng.CrossBrowser" tests="2" failures="0" timestamp="16 Jan 2023 06:33:48 GMT" time="199.982" errors="0">
  <testcase name="crossBrowserTest" time="20.033" classname="com.testng.CrossBrowser"/>
  <testcase name="crossBrowserTest" time="179.949" classname="com.testng.CrossBrowser"/>
</testsuite> <!-- com.testng.CrossBrowser -->
