<?xml version="1.0" encoding="UTF-8"?>
<!-- Generated by org.testng.reporters.JUnitReportReporter -->
<testsuite skipped="0" hostname="DESKTOP-DF9ER86" name="com.testng.DataProvi" tests="3" failures="0" timestamp="24 Jan 2023 15:28:16 GMT" time="101.212" errors="0">
  <testcase name="d" time="9.509" classname="com.testng.DataProvi"/>
  <testcase name="d" time="82.536" classname="com.testng.DataProvi"/>
  <testcase name="d" time="9.167" classname="com.testng.DataProvi"/>
</testsuite> <!-- com.testng.DataProvi -->
