<?xml version="1.0" encoding="UTF-8"?>
<!-- Generated by org.testng.reporters.JUnitReportReporter -->
<testsuite skipped="0" hostname="DESKTOP-DF9ER86" name="com.testng.PrameterPro" tests="1" failures="0" timestamp="24 Jan 2023 16:37:37 GMT" time="88.591" errors="0">
  <testcase name="d" time="88.591" classname="com.testng.PrameterPro"/>
</testsuite> <!-- com.testng.PrameterPro -->
