<?xml version="1.0" encoding="UTF-8"?>
<!-- Generated by org.testng.reporters.JUnitReportReporter -->
<testsuite skipped="0" hostname="DESKTOP-DF9ER86" name="com.testng.A" tests="3" failures="0" timestamp="29 Dec 2022 06:12:24 GMT" time="105.795" errors="0">
  <testcase name="d" time="75.116" classname="com.testng.A"/>
  <testcase name="d" time="16.274" classname="com.testng.A"/>
  <testcase name="d" time="14.405" classname="com.testng.A"/>
</testsuite> <!-- com.testng.A -->
