<?xml version="1.0" encoding="UTF-8"?>
<!-- Generated by org.testng.reporters.JUnitReportReporter -->
<testsuite skipped="0" hostname="DESKTOP-DF9ER86" name="com.testng.Group" tests="2" failures="0" timestamp="30 Dec 2022 06:22:41 GMT" time="0.031" errors="0">
  <testcase name="m1" time="0.031" classname="com.testng.Group"/>
  <testcase name="m4" time="0.000" classname="com.testng.Group"/>
</testsuite> <!-- com.testng.Group -->
