<?xml version="1.0" encoding="UTF-8"?>
<!-- Generated by org.testng.reporters.JUnitReportReporter -->
<testsuite skipped="0" hostname="DESKTOP-DF9ER86" name="com.testng.DependsOn" tests="3" failures="0" timestamp="30 Dec 2022 06:41:35 GMT" time="0.031" errors="0">
  <testcase name="m3" time="0.031" classname="com.testng.DependsOn"/>
  <testcase name="m1" time="0.000" classname="com.testng.DependsOn"/>
  <testcase name="m2" time="0.000" classname="com.testng.DependsOn"/>
</testsuite> <!-- com.testng.DependsOn -->
